webview_flutter_android/example/build/app/intermediates/manifest_merge_blame_file/debug/manifest-merger-blame-debug-report.txt
1<?xml version="1.0" encoding="utf-8"?>
2<manifest xmlns:android="http://schemas.android.com/apk/res/android"
3    package="io.flutter.plugins.webviewflutterandroidexample"
4    android:versionCode="1"
5    android:versionName="1.0" >
6
7    <uses-sdk
8        android:minSdkVersion="21"
9        android:targetSdkVersion="28" />
10    <!--
11         Flutter needs it to communicate with the running application
12         to allow setting breakpoints, to provide hot reload, etc.
13    -->
14    <uses-permission android:name="android.permission.INTERNET" />
14-->src/main/AndroidManifest.xml:36:3-64
14-->src/main/AndroidManifest.xml:36:20-62
15    <!--
16     When tests are ran on Firebase Test Lab, a wake lock
17       permission failure prevents tests from running.
18    -->
19    <uses-permission android:name="android.permission.WAKE_LOCK" /> <!-- Used to debug accessing the camera in a WebView -->
19-->src/main/AndroidManifest.xml:41:3-66
19-->src/main/AndroidManifest.xml:41:20-63
20    <uses-permission android:name="android.permission.CAMERA" />
20-->src/main/AndroidManifest.xml:44:3-62
20-->src/main/AndroidManifest.xml:44:20-60
21    <uses-permission android:name="android.permission.REORDER_TASKS" />
21-->[androidx.test:core:1.5.0] AndroidManifest.xml:24:5-72
21-->[androidx.test:core:1.5.0] AndroidManifest.xml:24:22-69
22
23    <queries>
23-->[androidx.test:runner:1.5.2] AndroidManifest.xml:24:5-28:15
24        <package android:name="androidx.test.orchestrator" />
24-->[androidx.test:runner:1.5.2] AndroidManifest.xml:25:9-62
24-->[androidx.test:runner:1.5.2] AndroidManifest.xml:25:18-59
25        <package android:name="androidx.test.services" />
25-->[androidx.test:runner:1.5.2] AndroidManifest.xml:26:9-58
25-->[androidx.test:runner:1.5.2] AndroidManifest.xml:26:18-55
26        <package android:name="com.google.android.apps.common.testing.services" />
26-->[androidx.test:runner:1.5.2] AndroidManifest.xml:27:9-83
26-->[androidx.test:runner:1.5.2] AndroidManifest.xml:27:18-80
27    </queries>
28
29    <application
29-->src/main/AndroidManifest.xml:4:3-30:17
30        android:appComponentFactory="androidx.core.app.CoreComponentFactory"
30-->[androidx.core:core:1.6.0] AndroidManifest.xml:24:18-86
31        android:debuggable="true"
32        android:icon="@mipmap/ic_launcher"
32-->src/main/AndroidManifest.xml:6:5-39
33        android:label="webview_flutter_example"
33-->src/main/AndroidManifest.xml:7:5-44
34        android:usesCleartextTraffic="true" >
34-->src/main/AndroidManifest.xml:5:5-40
35        <activity
35-->src/debug/AndroidManifest.xml:8:9-15:20
36            android:name="io.flutter.plugins.webviewflutterexample.WebViewTestActivity"
36-->src/debug/AndroidManifest.xml:9:13-48
37            android:configChanges="orientation|keyboardHidden|keyboard|screenSize|smallestScreenSize|locale|layoutDirection|fontScale|screenLayout|density|uiMode"
37-->src/debug/AndroidManifest.xml:12:13-163
38            android:hardwareAccelerated="true"
38-->src/debug/AndroidManifest.xml:13:13-47
39            android:launchMode="singleTop"
39-->src/debug/AndroidManifest.xml:10:13-43
40            android:theme="@style/LaunchTheme"
40-->src/debug/AndroidManifest.xml:11:13-47
41            android:windowSoftInputMode="adjustResize" >
41-->src/debug/AndroidManifest.xml:14:13-55
42        </activity>
43        <activity
43-->src/debug/AndroidManifest.xml:16:9-23:20
44            android:name="io.flutter.plugins.webviewflutterexample.DriverExtensionActivity"
44-->src/debug/AndroidManifest.xml:17:17-56
45            android:configChanges="orientation|keyboardHidden|keyboard|screenSize|smallestScreenSize|locale|layoutDirection|fontScale|screenLayout|density|uiMode"
45-->src/debug/AndroidManifest.xml:20:17-167
46            android:hardwareAccelerated="true"
46-->src/debug/AndroidManifest.xml:21:17-51
47            android:launchMode="singleTop"
47-->src/debug/AndroidManifest.xml:18:17-47
48            android:theme="@style/LaunchTheme"
48-->src/debug/AndroidManifest.xml:19:17-51
49            android:windowSoftInputMode="adjustResize" >
49-->src/debug/AndroidManifest.xml:22:17-59
50        </activity>
51
52        <meta-data
52-->src/main/AndroidManifest.xml:8:5-10:29
53            android:name="flutterEmbedding"
53-->src/main/AndroidManifest.xml:9:9-40
54            android:value="2" />
54-->src/main/AndroidManifest.xml:10:9-26
55
56        <activity
56-->src/main/AndroidManifest.xml:11:5-29:16
57            android:name="io.flutter.embedding.android.FlutterActivity"
57-->src/main/AndroidManifest.xml:15:7-66
58            android:configChanges="orientation|keyboardHidden|keyboard|screenSize|locale|layoutDirection|fontScale|screenLayout|density|uiMode"
58-->src/main/AndroidManifest.xml:12:7-138
59            android:hardwareAccelerated="true"
59-->src/main/AndroidManifest.xml:13:7-41
60            android:launchMode="singleTop"
60-->src/main/AndroidManifest.xml:14:7-37
61            android:theme="@style/LaunchTheme"
61-->src/main/AndroidManifest.xml:16:7-41
62            android:windowSoftInputMode="adjustResize" >
62-->src/main/AndroidManifest.xml:17:7-49
63
64            <!--
65           This keeps the window background of the activity showing
66           until Flutter renders its first frame. It can be removed if
67           there is no splash screen (such as the default splash screen
68           defined in @style/LaunchTheme).
69            -->
70            <meta-data
70-->src/main/AndroidManifest.xml:22:7-24:31
71                android:name="io.flutter.app.android.SplashScreenUntilFirstFrame"
71-->src/main/AndroidManifest.xml:23:9-74
72                android:value="true" />
72-->src/main/AndroidManifest.xml:24:9-29
73
74            <intent-filter>
74-->src/main/AndroidManifest.xml:25:7-28:23
75                <action android:name="android.intent.action.MAIN" />
75-->src/main/AndroidManifest.xml:26:9-60
75-->src/main/AndroidManifest.xml:26:17-58
76
77                <category android:name="android.intent.category.LAUNCHER" />
77-->src/main/AndroidManifest.xml:27:9-68
77-->src/main/AndroidManifest.xml:27:19-66
78            </intent-filter>
79        </activity>
80        <activity
80-->[androidx.test:core:1.5.0] AndroidManifest.xml:27:9-34:20
81            android:name="androidx.test.core.app.InstrumentationActivityInvoker$BootstrapActivity"
81-->[androidx.test:core:1.5.0] AndroidManifest.xml:28:13-99
82            android:exported="true"
82-->[androidx.test:core:1.5.0] AndroidManifest.xml:29:13-36
83            android:theme="@style/WhiteBackgroundTheme" >
83-->[androidx.test:core:1.5.0] AndroidManifest.xml:30:13-56
84            <intent-filter android:priority="-100" >
84-->[androidx.test:core:1.5.0] AndroidManifest.xml:31:13-33:29
84-->[androidx.test:core:1.5.0] AndroidManifest.xml:31:28-51
85                <category android:name="android.intent.category.LAUNCHER" />
85-->src/main/AndroidManifest.xml:27:9-68
85-->src/main/AndroidManifest.xml:27:19-66
86            </intent-filter>
87        </activity>
88        <activity
88-->[androidx.test:core:1.5.0] AndroidManifest.xml:35:9-42:20
89            android:name="androidx.test.core.app.InstrumentationActivityInvoker$EmptyActivity"
89-->[androidx.test:core:1.5.0] AndroidManifest.xml:36:13-95
90            android:exported="true"
90-->[androidx.test:core:1.5.0] AndroidManifest.xml:37:13-36
91            android:theme="@style/WhiteBackgroundTheme" >
91-->[androidx.test:core:1.5.0] AndroidManifest.xml:38:13-56
92            <intent-filter android:priority="-100" >
92-->[androidx.test:core:1.5.0] AndroidManifest.xml:31:13-33:29
92-->[androidx.test:core:1.5.0] AndroidManifest.xml:31:28-51
93                <category android:name="android.intent.category.LAUNCHER" />
93-->src/main/AndroidManifest.xml:27:9-68
93-->src/main/AndroidManifest.xml:27:19-66
94            </intent-filter>
95        </activity>
96        <activity
96-->[androidx.test:core:1.5.0] AndroidManifest.xml:43:9-50:20
97            android:name="androidx.test.core.app.InstrumentationActivityInvoker$EmptyFloatingActivity"
97-->[androidx.test:core:1.5.0] AndroidManifest.xml:44:13-103
98            android:exported="true"
98-->[androidx.test:core:1.5.0] AndroidManifest.xml:45:13-36
99            android:theme="@style/WhiteBackgroundDialogTheme" >
99-->[androidx.test:core:1.5.0] AndroidManifest.xml:46:13-62
100            <intent-filter android:priority="-100" >
100-->[androidx.test:core:1.5.0] AndroidManifest.xml:31:13-33:29
100-->[androidx.test:core:1.5.0] AndroidManifest.xml:31:28-51
101                <category android:name="android.intent.category.LAUNCHER" />
101-->src/main/AndroidManifest.xml:27:9-68
101-->src/main/AndroidManifest.xml:27:19-66
102            </intent-filter>
103        </activity>
104
105        <uses-library
105-->[androidx.window:window:1.0.0-beta04] AndroidManifest.xml:25:9-27:40
106            android:name="androidx.window.extensions"
106-->[androidx.window:window:1.0.0-beta04] AndroidManifest.xml:26:13-54
107            android:required="false" />
107-->[androidx.window:window:1.0.0-beta04] AndroidManifest.xml:27:13-37
108        <uses-library
108-->[androidx.window:window:1.0.0-beta04] AndroidManifest.xml:28:9-30:40
109            android:name="androidx.window.sidecar"
109-->[androidx.window:window:1.0.0-beta04] AndroidManifest.xml:29:13-51
110            android:required="false" />
110-->[androidx.window:window:1.0.0-beta04] AndroidManifest.xml:30:13-37
111    </application>
112
113</manifest>